

***********************************************************************
Fatal NI connect error 12560, connecting to:
 (DESCRIPTION=(ADDRESS=(PROTOCOL=BEQ)(PROGRAM=oracle)(ARGV0=oracleORCL)(ARGS='(DESCRIPTION=(LOCAL=YES)(ADDRESS=(PROTOCOL=beq)))'))(CONNECT_DATA=(SID=ORCL)(CID=(PROGRAM=C:\Users\diegooliveira\Documents\Visual Studio 2010\Projects\Foxconn_Traceability\Foxconn_Traceability\bin\Debug\Foxconn_Traceability.vshost.exe)(HOST=BR1CN00409)(USER=diegooliveira))))

  VERSION INFORMATION:
	TNS for 32-bit Windows: Version 9.2.0.1.0 - Production
	Oracle Bequeath NT Protocol Adapter for 32-bit Windows: Version 9.2.0.1.0 - Production
  Time: 10-OCT-2018 10:12:18
  Tracing not turned on.
  Tns error struct:
    nr err code: 0
    ns main err code: 12560
    TNS-12560: TNS:protocol adapter error
    ns secondary err code: 0
    nt main err code: 530
    TNS-00530: Protocol adapter error
    nt secondary err code: 126
    nt OS err code: 0


***********************************************************************
Fatal NI connect error 12560, connecting to:
 (DESCRIPTION=(ADDRESS=(PROTOCOL=BEQ)(PROGRAM=oracle)(ARGV0=oracleORCL)(ARGS='(DESCRIPTION=(LOCAL=YES)(ADDRESS=(PROTOCOL=beq)))'))(CONNECT_DATA=(SID=ORCL)(CID=(PROGRAM=C:\Users\diegooliveira\Documents\Visual Studio 2010\Projects\Foxconn_Traceability\Foxconn_Traceability\bin\Debug\Foxconn_Traceability.vshost.exe)(HOST=BR1CN00409)(USER=diegooliveira))))

  VERSION INFORMATION:
	TNS for 32-bit Windows: Version 9.2.0.1.0 - Production
	Oracle Bequeath NT Protocol Adapter for 32-bit Windows: Version 9.2.0.1.0 - Production
  Time: 10-OCT-2018 10:12:29
  Tracing not turned on.
  Tns error struct:
    nr err code: 0
    ns main err code: 12560
    TNS-12560: TNS:protocol adapter error
    ns secondary err code: 0
    nt main err code: 530
    TNS-00530: Protocol adapter error
    nt secondary err code: 126
    nt OS err code: 0


***********************************************************************
Fatal NI connect error 12560, connecting to:
 (DESCRIPTION=(ADDRESS=(PROTOCOL=BEQ)(PROGRAM=oracle)(ARGV0=oracleORCL)(ARGS='(DESCRIPTION=(LOCAL=YES)(ADDRESS=(PROTOCOL=beq)))'))(CONNECT_DATA=(SID=ORCL)(CID=(PROGRAM=C:\Users\diegooliveira\Documents\Visual Studio 2010\Projects\Foxconn_Traceability\Foxconn_Traceability\bin\Debug\Foxconn_Traceability.vshost.exe)(HOST=BR1CN00409)(USER=diegooliveira))))

  VERSION INFORMATION:
	TNS for 32-bit Windows: Version 9.2.0.1.0 - Production
	Oracle Bequeath NT Protocol Adapter for 32-bit Windows: Version 9.2.0.1.0 - Production
  Time: 10-OCT-2018 10:16:17
  Tracing not turned on.
  Tns error struct:
    nr err code: 0
    ns main err code: 12560
    TNS-12560: TNS:protocol adapter error
    ns secondary err code: 0
    nt main err code: 530
    TNS-00530: Protocol adapter error
    nt secondary err code: 126
    nt OS err code: 0


***********************************************************************
Fatal NI connect error 12560, connecting to:
 (DESCRIPTION=(ADDRESS=(PROTOCOL=BEQ)(PROGRAM=oracle)(ARGV0=oracleORCL)(ARGS='(DESCRIPTION=(LOCAL=YES)(ADDRESS=(PROTOCOL=beq)))'))(CONNECT_DATA=(SID=ORCL)(CID=(PROGRAM=C:\Users\diegooliveira\Documents\Visual Studio 2010\Projects\Foxconn_Traceability\Foxconn_Traceability\bin\Debug\Foxconn_Traceability.vshost.exe)(HOST=BR1CN00409)(USER=diegooliveira))))

  VERSION INFORMATION:
	TNS for 32-bit Windows: Version 9.2.0.1.0 - Production
	Oracle Bequeath NT Protocol Adapter for 32-bit Windows: Version 9.2.0.1.0 - Production
  Time: 10-OCT-2018 10:16:19
  Tracing not turned on.
  Tns error struct:
    nr err code: 0
    ns main err code: 12560
    TNS-12560: TNS:protocol adapter error
    ns secondary err code: 0
    nt main err code: 530
    TNS-00530: Protocol adapter error
    nt secondary err code: 126
    nt OS err code: 0


***********************************************************************
Fatal NI connect error 12560, connecting to:
 (DESCRIPTION=(ADDRESS=(PROTOCOL=BEQ)(PROGRAM=oracle)(ARGV0=oracleORCL)(ARGS='(DESCRIPTION=(LOCAL=YES)(ADDRESS=(PROTOCOL=beq)))'))(CONNECT_DATA=(SID=ORCL)(CID=(PROGRAM=C:\Users\diegooliveira\Documents\Visual Studio 2010\Projects\Foxconn_Traceability\Foxconn_Traceability\bin\Debug\Foxconn_Traceability.vshost.exe)(HOST=BR1CN00409)(USER=diegooliveira))))

  VERSION INFORMATION:
	TNS for 32-bit Windows: Version 9.2.0.1.0 - Production
	Oracle Bequeath NT Protocol Adapter for 32-bit Windows: Version 9.2.0.1.0 - Production
  Time: 10-OCT-2018 10:20:33
  Tracing not turned on.
  Tns error struct:
    nr err code: 0
    ns main err code: 12560
    TNS-12560: TNS:protocol adapter error
    ns secondary err code: 0
    nt main err code: 530
    TNS-00530: Protocol adapter error
    nt secondary err code: 126
    nt OS err code: 0


***********************************************************************
Fatal NI connect error 12560, connecting to:
 (DESCRIPTION=(ADDRESS=(PROTOCOL=BEQ)(PROGRAM=oracle)(ARGV0=oracleORCL)(ARGS='(DESCRIPTION=(LOCAL=YES)(ADDRESS=(PROTOCOL=beq)))'))(CONNECT_DATA=(SID=ORCL)(CID=(PROGRAM=C:\Users\diegooliveira\Documents\Visual Studio 2010\Projects\Foxconn_Traceability\Foxconn_Traceability\bin\Debug\Foxconn_Traceability.vshost.exe)(HOST=BR1CN00409)(USER=diegooliveira))))

  VERSION INFORMATION:
	TNS for 32-bit Windows: Version 9.2.0.1.0 - Production
	Oracle Bequeath NT Protocol Adapter for 32-bit Windows: Version 9.2.0.1.0 - Production
  Time: 10-OCT-2018 10:20:35
  Tracing not turned on.
  Tns error struct:
    nr err code: 0
    ns main err code: 12560
    TNS-12560: TNS:protocol adapter error
    ns secondary err code: 0
    nt main err code: 530
    TNS-00530: Protocol adapter error
    nt secondary err code: 126
    nt OS err code: 0


***********************************************************************
Fatal NI connect error 12560, connecting to:
 (DESCRIPTION=(ADDRESS=(PROTOCOL=BEQ)(PROGRAM=oracle)(ARGV0=oracleORCL)(ARGS='(DESCRIPTION=(LOCAL=YES)(ADDRESS=(PROTOCOL=beq)))'))(CONNECT_DATA=(SID=ORCL)(CID=(PROGRAM=C:\Users\diegooliveira\Documents\Visual Studio 2010\Projects\Foxconn_Traceability\Foxconn_Traceability\bin\Debug\Foxconn_Traceability.vshost.exe)(HOST=BR1CN00409)(USER=diegooliveira))))

  VERSION INFORMATION:
	TNS for 32-bit Windows: Version 9.2.0.1.0 - Production
	Oracle Bequeath NT Protocol Adapter for 32-bit Windows: Version 9.2.0.1.0 - Production
  Time: 10-OCT-2018 10:26:24
  Tracing not turned on.
  Tns error struct:
    nr err code: 0
    ns main err code: 12560
    TNS-12560: TNS:protocol adapter error
    ns secondary err code: 0
    nt main err code: 530
    TNS-00530: Protocol adapter error
    nt secondary err code: 126
    nt OS err code: 0


***********************************************************************
Fatal NI connect error 12560, connecting to:
 (DESCRIPTION=(ADDRESS=(PROTOCOL=BEQ)(PROGRAM=oracle)(ARGV0=oracleORCL)(ARGS='(DESCRIPTION=(LOCAL=YES)(ADDRESS=(PROTOCOL=beq)))'))(CONNECT_DATA=(SID=ORCL)(CID=(PROGRAM=C:\Users\diegooliveira\Documents\Visual Studio 2010\Projects\Foxconn_Traceability\Foxconn_Traceability\bin\Debug\Foxconn_Traceability.vshost.exe)(HOST=BR1CN00409)(USER=diegooliveira))))

  VERSION INFORMATION:
	TNS for 32-bit Windows: Version 9.2.0.1.0 - Production
	Oracle Bequeath NT Protocol Adapter for 32-bit Windows: Version 9.2.0.1.0 - Production
  Time: 10-OCT-2018 10:26:25
  Tracing not turned on.
  Tns error struct:
    nr err code: 0
    ns main err code: 12560
    TNS-12560: TNS:protocol adapter error
    ns secondary err code: 0
    nt main err code: 530
    TNS-00530: Protocol adapter error
    nt secondary err code: 126
    nt OS err code: 0


***********************************************************************
Fatal NI connect error 12560, connecting to:
 (DESCRIPTION=(ADDRESS=(PROTOCOL=BEQ)(PROGRAM=oracle)(ARGV0=oracleORCL)(ARGS='(DESCRIPTION=(LOCAL=YES)(ADDRESS=(PROTOCOL=beq)))'))(CONNECT_DATA=(SID=ORCL)(CID=(PROGRAM=C:\Users\diegooliveira\Documents\Visual Studio 2010\Projects\Foxconn_Traceability\Foxconn_Traceability\bin\Debug\Foxconn_Traceability.vshost.exe)(HOST=BR1CN00409)(USER=diegooliveira))))

  VERSION INFORMATION:
	TNS for 32-bit Windows: Version 9.2.0.1.0 - Production
	Oracle Bequeath NT Protocol Adapter for 32-bit Windows: Version 9.2.0.1.0 - Production
  Time: 10-OCT-2018 10:29:32
  Tracing not turned on.
  Tns error struct:
    nr err code: 0
    ns main err code: 12560
    TNS-12560: TNS:protocol adapter error
    ns secondary err code: 0
    nt main err code: 530
    TNS-00530: Protocol adapter error
    nt secondary err code: 126
    nt OS err code: 0


***********************************************************************
Fatal NI connect error 12560, connecting to:
 (DESCRIPTION=(ADDRESS=(PROTOCOL=BEQ)(PROGRAM=oracle)(ARGV0=oracleORCL)(ARGS='(DESCRIPTION=(LOCAL=YES)(ADDRESS=(PROTOCOL=beq)))'))(CONNECT_DATA=(SID=ORCL)(CID=(PROGRAM=C:\Users\diegooliveira\Documents\Visual Studio 2010\Projects\Foxconn_Traceability\Foxconn_Traceability\bin\Debug\Foxconn_Traceability.vshost.exe)(HOST=BR1CN00409)(USER=diegooliveira))))

  VERSION INFORMATION:
	TNS for 32-bit Windows: Version 9.2.0.1.0 - Production
	Oracle Bequeath NT Protocol Adapter for 32-bit Windows: Version 9.2.0.1.0 - Production
  Time: 10-OCT-2018 10:29:33
  Tracing not turned on.
  Tns error struct:
    nr err code: 0
    ns main err code: 12560
    TNS-12560: TNS:protocol adapter error
    ns secondary err code: 0
    nt main err code: 530
    TNS-00530: Protocol adapter error
    nt secondary err code: 126
    nt OS err code: 0


***********************************************************************
Fatal NI connect error 12560, connecting to:
 (DESCRIPTION=(ADDRESS=(PROTOCOL=BEQ)(PROGRAM=oracle)(ARGV0=oracleORCL)(ARGS='(DESCRIPTION=(LOCAL=YES)(ADDRESS=(PROTOCOL=beq)))'))(CONNECT_DATA=(SID=ORCL)(CID=(PROGRAM=C:\Users\diegooliveira\Documents\Visual Studio 2010\Projects\Foxconn_Traceability\Foxconn_Traceability\bin\Debug\Foxconn_Traceability.vshost.exe)(HOST=BR1CN00409)(USER=diegooliveira))))

  VERSION INFORMATION:
	TNS for 32-bit Windows: Version 9.2.0.1.0 - Production
	Oracle Bequeath NT Protocol Adapter for 32-bit Windows: Version 9.2.0.1.0 - Production
  Time: 10-OCT-2018 10:30:45
  Tracing not turned on.
  Tns error struct:
    nr err code: 0
    ns main err code: 12560
    TNS-12560: TNS:protocol adapter error
    ns secondary err code: 0
    nt main err code: 530
    TNS-00530: Protocol adapter error
    nt secondary err code: 126
    nt OS err code: 0


***********************************************************************
Fatal NI connect error 12560, connecting to:
 (DESCRIPTION=(ADDRESS=(PROTOCOL=BEQ)(PROGRAM=oracle)(ARGV0=oracleORCL)(ARGS='(DESCRIPTION=(LOCAL=YES)(ADDRESS=(PROTOCOL=beq)))'))(CONNECT_DATA=(SID=ORCL)(CID=(PROGRAM=C:\Users\diegooliveira\Documents\Visual Studio 2010\Projects\Foxconn_Traceability\Foxconn_Traceability\bin\Debug\Foxconn_Traceability.vshost.exe)(HOST=BR1CN00409)(USER=diegooliveira))))

  VERSION INFORMATION:
	TNS for 32-bit Windows: Version 9.2.0.1.0 - Production
	Oracle Bequeath NT Protocol Adapter for 32-bit Windows: Version 9.2.0.1.0 - Production
  Time: 10-OCT-2018 10:30:46
  Tracing not turned on.
  Tns error struct:
    nr err code: 0
    ns main err code: 12560
    TNS-12560: TNS:protocol adapter error
    ns secondary err code: 0
    nt main err code: 530
    TNS-00530: Protocol adapter error
    nt secondary err code: 126
    nt OS err code: 0


***********************************************************************
Fatal NI connect error 12560, connecting to:
 (DESCRIPTION=(ADDRESS=(PROTOCOL=BEQ)(PROGRAM=oracle)(ARGV0=oracleORCL)(ARGS='(DESCRIPTION=(LOCAL=YES)(ADDRESS=(PROTOCOL=beq)))'))(CONNECT_DATA=(SID=ORCL)(CID=(PROGRAM=C:\Users\diegooliveira\Documents\Visual Studio 2010\Projects\Foxconn_Traceability\Foxconn_Traceability\bin\Debug\Foxconn_Traceability.vshost.exe)(HOST=BR1CN00409)(USER=diegooliveira))))

  VERSION INFORMATION:
	TNS for 32-bit Windows: Version 9.2.0.1.0 - Production
	Oracle Bequeath NT Protocol Adapter for 32-bit Windows: Version 9.2.0.1.0 - Production
  Time: 10-OCT-2018 10:32:50
  Tracing not turned on.
  Tns error struct:
    nr err code: 0
    ns main err code: 12560
    TNS-12560: TNS:protocol adapter error
    ns secondary err code: 0
    nt main err code: 530
    TNS-00530: Protocol adapter error
    nt secondary err code: 126
    nt OS err code: 0


***********************************************************************
Fatal NI connect error 12560, connecting to:
 (DESCRIPTION=(ADDRESS=(PROTOCOL=BEQ)(PROGRAM=oracle)(ARGV0=oracleORCL)(ARGS='(DESCRIPTION=(LOCAL=YES)(ADDRESS=(PROTOCOL=beq)))'))(CONNECT_DATA=(SID=ORCL)(CID=(PROGRAM=C:\Users\diegooliveira\Documents\Visual Studio 2010\Projects\Foxconn_Traceability\Foxconn_Traceability\bin\Debug\Foxconn_Traceability.vshost.exe)(HOST=BR1CN00409)(USER=diegooliveira))))

  VERSION INFORMATION:
	TNS for 32-bit Windows: Version 9.2.0.1.0 - Production
	Oracle Bequeath NT Protocol Adapter for 32-bit Windows: Version 9.2.0.1.0 - Production
  Time: 10-OCT-2018 10:32:51
  Tracing not turned on.
  Tns error struct:
    nr err code: 0
    ns main err code: 12560
    TNS-12560: TNS:protocol adapter error
    ns secondary err code: 0
    nt main err code: 530
    TNS-00530: Protocol adapter error
    nt secondary err code: 126
    nt OS err code: 0


***********************************************************************
Fatal NI connect error 12560, connecting to:
 (DESCRIPTION=(ADDRESS=(PROTOCOL=BEQ)(PROGRAM=oracle)(ARGV0=oracleORCL)(ARGS='(DESCRIPTION=(LOCAL=YES)(ADDRESS=(PROTOCOL=beq)))'))(CONNECT_DATA=(SID=ORCL)(CID=(PROGRAM=C:\Users\diegooliveira\Documents\Visual Studio 2010\Projects\Foxconn_Traceability\Foxconn_Traceability\bin\Debug\Foxconn_Traceability.vshost.exe)(HOST=BR1CN00409)(USER=diegooliveira))))

  VERSION INFORMATION:
	TNS for 32-bit Windows: Version 9.2.0.1.0 - Production
	Oracle Bequeath NT Protocol Adapter for 32-bit Windows: Version 9.2.0.1.0 - Production
  Time: 10-OCT-2018 10:33:40
  Tracing not turned on.
  Tns error struct:
    nr err code: 0
    ns main err code: 12560
    TNS-12560: TNS:protocol adapter error
    ns secondary err code: 0
    nt main err code: 530
    TNS-00530: Protocol adapter error
    nt secondary err code: 126
    nt OS err code: 0


***********************************************************************
Fatal NI connect error 12560, connecting to:
 (DESCRIPTION=(ADDRESS=(PROTOCOL=BEQ)(PROGRAM=oracle)(ARGV0=oracleORCL)(ARGS='(DESCRIPTION=(LOCAL=YES)(ADDRESS=(PROTOCOL=beq)))'))(CONNECT_DATA=(SID=ORCL)(CID=(PROGRAM=C:\Users\diegooliveira\Documents\Visual Studio 2010\Projects\Foxconn_Traceability\Foxconn_Traceability\bin\Debug\Foxconn_Traceability.vshost.exe)(HOST=BR1CN00409)(USER=diegooliveira))))

  VERSION INFORMATION:
	TNS for 32-bit Windows: Version 9.2.0.1.0 - Production
	Oracle Bequeath NT Protocol Adapter for 32-bit Windows: Version 9.2.0.1.0 - Production
  Time: 10-OCT-2018 10:33:42
  Tracing not turned on.
  Tns error struct:
    nr err code: 0
    ns main err code: 12560
    TNS-12560: TNS:protocol adapter error
    ns secondary err code: 0
    nt main err code: 530
    TNS-00530: Protocol adapter error
    nt secondary err code: 126
    nt OS err code: 0


***********************************************************************
Fatal NI connect error 12560, connecting to:
 (DESCRIPTION=(ADDRESS=(PROTOCOL=BEQ)(PROGRAM=oracle)(ARGV0=oracleORCL)(ARGS='(DESCRIPTION=(LOCAL=YES)(ADDRESS=(PROTOCOL=beq)))'))(CONNECT_DATA=(SID=ORCL)(CID=(PROGRAM=C:\Users\diegooliveira\Documents\Visual Studio 2010\Projects\Foxconn_Traceability\Foxconn_Traceability\bin\Debug\Foxconn_Traceability.vshost.exe)(HOST=BR1CN00409)(USER=diegooliveira))))

  VERSION INFORMATION:
	TNS for 32-bit Windows: Version 9.2.0.1.0 - Production
	Oracle Bequeath NT Protocol Adapter for 32-bit Windows: Version 9.2.0.1.0 - Production
  Time: 10-OCT-2018 10:37:18
  Tracing not turned on.
  Tns error struct:
    nr err code: 0
    ns main err code: 12560
    TNS-12560: TNS:protocol adapter error
    ns secondary err code: 0
    nt main err code: 530
    TNS-00530: Protocol adapter error
    nt secondary err code: 126
    nt OS err code: 0


***********************************************************************
Fatal NI connect error 12560, connecting to:
 (DESCRIPTION=(ADDRESS=(PROTOCOL=BEQ)(PROGRAM=oracle)(ARGV0=oracleORCL)(ARGS='(DESCRIPTION=(LOCAL=YES)(ADDRESS=(PROTOCOL=beq)))'))(CONNECT_DATA=(SID=ORCL)(CID=(PROGRAM=C:\Users\diegooliveira\Documents\Visual Studio 2010\Projects\Foxconn_Traceability\Foxconn_Traceability\bin\Debug\Foxconn_Traceability.vshost.exe)(HOST=BR1CN00409)(USER=diegooliveira))))

  VERSION INFORMATION:
	TNS for 32-bit Windows: Version 9.2.0.1.0 - Production
	Oracle Bequeath NT Protocol Adapter for 32-bit Windows: Version 9.2.0.1.0 - Production
  Time: 10-OCT-2018 10:37:19
  Tracing not turned on.
  Tns error struct:
    nr err code: 0
    ns main err code: 12560
    TNS-12560: TNS:protocol adapter error
    ns secondary err code: 0
    nt main err code: 530
    TNS-00530: Protocol adapter error
    nt secondary err code: 126
    nt OS err code: 0


***********************************************************************
Fatal NI connect error 12560, connecting to:
 (DESCRIPTION=(ADDRESS=(PROTOCOL=BEQ)(PROGRAM=oracle)(ARGV0=oracleORCL)(ARGS='(DESCRIPTION=(LOCAL=YES)(ADDRESS=(PROTOCOL=beq)))'))(CONNECT_DATA=(SID=ORCL)(CID=(PROGRAM=C:\Users\diegooliveira\Documents\Visual Studio 2010\Projects\Foxconn_Traceability\Foxconn_Traceability\bin\Debug\Foxconn_Traceability.vshost.exe)(HOST=BR1CN00409)(USER=diegooliveira))))

  VERSION INFORMATION:
	TNS for 32-bit Windows: Version 9.2.0.1.0 - Production
	Oracle Bequeath NT Protocol Adapter for 32-bit Windows: Version 9.2.0.1.0 - Production
  Time: 10-OCT-2018 14:08:00
  Tracing not turned on.
  Tns error struct:
    nr err code: 0
    ns main err code: 12560
    TNS-12560: TNS:protocol adapter error
    ns secondary err code: 0
    nt main err code: 530
    TNS-00530: Protocol adapter error
    nt secondary err code: 126
    nt OS err code: 0


***********************************************************************
Fatal NI connect error 12535, connecting to:
 (DESCRIPTION=(ADDRESS=(PROTOCOL=TCP)(HOST=10.19.215.26)(PORT=1527))(CONNECT_DATA=(SERVICE_NAME=EGODB)(CID=(PROGRAM=C:\Users\jefferson.brandao\Documents\Visual Studio 2010\Projects\Foxconn_Traceability\Foxconn_Traceability\bin\Debug\Foxconn_Traceability.vshost.exe)(HOST=BR1CN00112)(USER=jefferson.brandao))))

  VERSION INFORMATION:
	TNS for 32-bit Windows: Version 9.2.0.1.0 - Production
	Windows NT TCP/IP NT Protocol Adapter for 32-bit Windows: Version 9.2.0.1.0 - Production
  Time: 19-OCT-2018 10:33:53
  Tracing not turned on.
  Tns error struct:
    nr err code: 0
    ns main err code: 12535
    TNS-12535: TNS:operation timed out
    ns secondary err code: 12560
    nt main err code: 505
    TNS-00505: Operation timed out
    nt secondary err code: 60
    nt OS err code: 0


***********************************************************************
Fatal NI connect error 12535, connecting to:
 (DESCRIPTION=(ADDRESS=(PROTOCOL=TCP)(HOST=10.19.215.26)(PORT=1527))(CONNECT_DATA=(SERVICE_NAME=EGODB)(CID=(PROGRAM=C:\Users\jefferson.brandao\Documents\Visual Studio 2010\Projects\Foxconn_Traceability\Foxconn_Traceability\bin\Debug\Foxconn_Traceability.vshost.exe)(HOST=BR1CN00112)(USER=jefferson.brandao))))

  VERSION INFORMATION:
	TNS for 32-bit Windows: Version 9.2.0.1.0 - Production
	Windows NT TCP/IP NT Protocol Adapter for 32-bit Windows: Version 9.2.0.1.0 - Production
  Time: 19-OCT-2018 11:25:45
  Tracing not turned on.
  Tns error struct:
    nr err code: 0
    ns main err code: 12535
    TNS-12535: TNS:operation timed out
    ns secondary err code: 12560
    nt main err code: 505
    TNS-00505: Operation timed out
    nt secondary err code: 60
    nt OS err code: 0


***********************************************************************
Fatal NI connect error 12535, connecting to:
 (DESCRIPTION=(ADDRESS=(PROTOCOL=TCP)(HOST=10.19.215.26)(PORT=1527))(CONNECT_DATA=(SERVICE_NAME=EGODB)(CID=(PROGRAM=C:\Users\jefferson.brandao\Documents\Visual Studio 2010\Projects\Foxconn_Traceability\Foxconn_Traceability\bin\Debug\Foxconn_Traceability.vshost.exe)(HOST=BR1CN00112)(USER=jefferson.brandao))))

  VERSION INFORMATION:
	TNS for 32-bit Windows: Version 9.2.0.1.0 - Production
	Windows NT TCP/IP NT Protocol Adapter for 32-bit Windows: Version 9.2.0.1.0 - Production
  Time: 19-OCT-2018 11:26:10
  Tracing not turned on.
  Tns error struct:
    nr err code: 0
    ns main err code: 12535
    TNS-12535: TNS:operation timed out
    ns secondary err code: 12560
    nt main err code: 505
    TNS-00505: Operation timed out
    nt secondary err code: 60
    nt OS err code: 0


***********************************************************************
Fatal NI connect error 12560, connecting to:
 (DESCRIPTION=(ADDRESS=(PROTOCOL=TCP)(HOST=10.19.215.26)(PORT=1527))(CONNECT_DATA=(SERVICE_NAME=EGODB)(CID=(PROGRAM=C:\Users\jefferson.brandao\Documents\Visual Studio 2010\Projects\Foxconn_Traceability\Foxconn_Traceability\bin\Debug\Foxconn_Traceability.vshost.exe)(HOST=BR1CN00112)(USER=jefferson.brandao))))

  VERSION INFORMATION:
	TNS for 32-bit Windows: Version 9.2.0.1.0 - Production
	Windows NT TCP/IP NT Protocol Adapter for 32-bit Windows: Version 9.2.0.1.0 - Production
  Time: 19-OCT-2018 11:38:29
  Tracing not turned on.
  Tns error struct:
    nr err code: 0
    ns main err code: 12560
    TNS-12560: TNS:protocol adapter error
    ns secondary err code: 0
    nt main err code: 538
    TNS-00538: Message 538 not found;  product=NETWORK; facility=TNS

    nt secondary err code: 65
    nt OS err code: 0


***********************************************************************
Fatal NI connect error 12560, connecting to:
 (DESCRIPTION=(ADDRESS=(PROTOCOL=TCP)(HOST=10.19.215.26)(PORT=1527))(CONNECT_DATA=(SERVICE_NAME=EGODB)(CID=(PROGRAM=C:\Users\jefferson.brandao\Documents\Visual Studio 2010\Projects\Foxconn_Traceability\Foxconn_Traceability\bin\Debug\Foxconn_Traceability.vshost.exe)(HOST=BR1CN00112)(USER=jefferson.brandao))))

  VERSION INFORMATION:
	TNS for 32-bit Windows: Version 9.2.0.1.0 - Production
	Windows NT TCP/IP NT Protocol Adapter for 32-bit Windows: Version 9.2.0.1.0 - Production
  Time: 19-OCT-2018 11:38:32
  Tracing not turned on.
  Tns error struct:
    nr err code: 0
    ns main err code: 12560
    TNS-12560: TNS:protocol adapter error
    ns secondary err code: 0
    nt main err code: 538
    TNS-00538: Message 538 not found;  product=NETWORK; facility=TNS

    nt secondary err code: 65
    nt OS err code: 0


***********************************************************************
Fatal NI connect error 12560, connecting to:
 (DESCRIPTION=(ADDRESS=(PROTOCOL=TCP)(HOST=10.19.215.26)(PORT=1527))(CONNECT_DATA=(SERVICE_NAME=EGODB)(CID=(PROGRAM=C:\Users\jefferson.brandao\Documents\Visual Studio 2010\Projects\Foxconn_Traceability\Foxconn_Traceability\bin\Debug\Foxconn_Traceability.vshost.exe)(HOST=BR1CN00112)(USER=jefferson.brandao))))

  VERSION INFORMATION:
	TNS for 32-bit Windows: Version 9.2.0.1.0 - Production
	Windows NT TCP/IP NT Protocol Adapter for 32-bit Windows: Version 9.2.0.1.0 - Production
  Time: 19-OCT-2018 11:38:42
  Tracing not turned on.
  Tns error struct:
    nr err code: 0
    ns main err code: 12560
    TNS-12560: TNS:protocol adapter error
    ns secondary err code: 0
    nt main err code: 538
    TNS-00538: Message 538 not found;  product=NETWORK; facility=TNS

    nt secondary err code: 65
    nt OS err code: 0


***********************************************************************
Fatal NI connect error 12560, connecting to:
 (DESCRIPTION=(ADDRESS=(PROTOCOL=TCP)(HOST=10.19.215.26)(PORT=1527))(CONNECT_DATA=(SERVICE_NAME=EGODB)(CID=(PROGRAM=C:\Users\jefferson.brandao\Documents\Visual Studio 2010\Projects\Foxconn_Traceability\Foxconn_Traceability\bin\Debug\Foxconn_Traceability.vshost.exe)(HOST=BR1CN00112)(USER=jefferson.brandao))))

  VERSION INFORMATION:
	TNS for 32-bit Windows: Version 9.2.0.1.0 - Production
	Windows NT TCP/IP NT Protocol Adapter for 32-bit Windows: Version 9.2.0.1.0 - Production
  Time: 19-OCT-2018 12:57:19
  Tracing not turned on.
  Tns error struct:
    nr err code: 0
    ns main err code: 12560
    TNS-12560: TNS:protocol adapter error
    ns secondary err code: 0
    nt main err code: 538
    TNS-00538: Message 538 not found;  product=NETWORK; facility=TNS

    nt secondary err code: 65
    nt OS err code: 0


***********************************************************************
Fatal NI connect error 12560, connecting to:
 (DESCRIPTION=(ADDRESS=(PROTOCOL=TCP)(HOST=10.19.215.26)(PORT=1527))(CONNECT_DATA=(SERVICE_NAME=EGODB)(CID=(PROGRAM=C:\Users\jefferson.brandao\Documents\Visual Studio 2010\Projects\Foxconn_Traceability\Foxconn_Traceability\bin\Debug\Foxconn_Traceability.vshost.exe)(HOST=BR1CN00112)(USER=jefferson.brandao))))

  VERSION INFORMATION:
	TNS for 32-bit Windows: Version 9.2.0.1.0 - Production
	Windows NT TCP/IP NT Protocol Adapter for 32-bit Windows: Version 9.2.0.1.0 - Production
  Time: 19-OCT-2018 13:00:15
  Tracing not turned on.
  Tns error struct:
    nr err code: 0
    ns main err code: 12560
    TNS-12560: TNS:protocol adapter error
    ns secondary err code: 0
    nt main err code: 538
    TNS-00538: Message 538 not found;  product=NETWORK; facility=TNS

    nt secondary err code: 65
    nt OS err code: 0


***********************************************************************
Fatal NI connect error 12560, connecting to:
 (DESCRIPTION=(ADDRESS=(PROTOCOL=TCP)(HOST=10.19.215.26)(PORT=1527))(CONNECT_DATA=(SERVICE_NAME=EGODB)(CID=(PROGRAM=C:\Users\jefferson.brandao\Documents\Visual Studio 2010\Projects\Foxconn_Traceability\Foxconn_Traceability\bin\Debug\Foxconn_Traceability.vshost.exe)(HOST=BR1CN00112)(USER=jefferson.brandao))))

  VERSION INFORMATION:
	TNS for 32-bit Windows: Version 9.2.0.1.0 - Production
	Windows NT TCP/IP NT Protocol Adapter for 32-bit Windows: Version 9.2.0.1.0 - Production
  Time: 19-OCT-2018 13:00:35
  Tracing not turned on.
  Tns error struct:
    nr err code: 0
    ns main err code: 12560
    TNS-12560: TNS:protocol adapter error
    ns secondary err code: 0
    nt main err code: 538
    TNS-00538: Message 538 not found;  product=NETWORK; facility=TNS

    nt secondary err code: 65
    nt OS err code: 0


***********************************************************************
Fatal NI connect error 12560, connecting to:
 (DESCRIPTION=(ADDRESS=(PROTOCOL=TCP)(HOST=10.19.215.26)(PORT=1527))(CONNECT_DATA=(SERVICE_NAME=EGODB)(CID=(PROGRAM=C:\Users\jefferson.brandao\Documents\Visual Studio 2010\Projects\Foxconn_Traceability\Foxconn_Traceability\bin\Debug\Foxconn_Traceability.vshost.exe)(HOST=BR1CN00112)(USER=jefferson.brandao))))

  VERSION INFORMATION:
	TNS for 32-bit Windows: Version 9.2.0.1.0 - Production
	Windows NT TCP/IP NT Protocol Adapter for 32-bit Windows: Version 9.2.0.1.0 - Production
  Time: 19-OCT-2018 13:00:36
  Tracing not turned on.
  Tns error struct:
    nr err code: 0
    ns main err code: 12560
    TNS-12560: TNS:protocol adapter error
    ns secondary err code: 0
    nt main err code: 538
    TNS-00538: Message 538 not found;  product=NETWORK; facility=TNS

    nt secondary err code: 65
    nt OS err code: 0


***********************************************************************
Fatal NI connect error 12560, connecting to:
 (DESCRIPTION=(ADDRESS=(PROTOCOL=TCP)(HOST=10.19.215.26)(PORT=1527))(CONNECT_DATA=(SERVICE_NAME=EGODB)(CID=(PROGRAM=C:\Users\jefferson.brandao\Documents\Visual Studio 2010\Projects\Foxconn_Traceability\Foxconn_Traceability\bin\Debug\Foxconn_Traceability.vshost.exe)(HOST=BR1CN00112)(USER=jefferson.brandao))))

  VERSION INFORMATION:
	TNS for 32-bit Windows: Version 9.2.0.1.0 - Production
	Windows NT TCP/IP NT Protocol Adapter for 32-bit Windows: Version 9.2.0.1.0 - Production
  Time: 19-OCT-2018 13:06:43
  Tracing not turned on.
  Tns error struct:
    nr err code: 0
    ns main err code: 12560
    TNS-12560: TNS:protocol adapter error
    ns secondary err code: 0
    nt main err code: 538
    TNS-00538: Message 538 not found;  product=NETWORK; facility=TNS

    nt secondary err code: 65
    nt OS err code: 0


***********************************************************************
Fatal NI connect error 12560, connecting to:
 (DESCRIPTION=(ADDRESS=(PROTOCOL=TCP)(HOST=10.19.215.26)(PORT=1527))(CONNECT_DATA=(SERVICE_NAME=EGODB)(CID=(PROGRAM=C:\Users\jefferson.brandao\Documents\Visual Studio 2010\Projects\Foxconn_Traceability\Foxconn_Traceability\bin\Debug\Foxconn_Traceability.vshost.exe)(HOST=BR1CN00112)(USER=jefferson.brandao))))

  VERSION INFORMATION:
	TNS for 32-bit Windows: Version 9.2.0.1.0 - Production
	Windows NT TCP/IP NT Protocol Adapter for 32-bit Windows: Version 9.2.0.1.0 - Production
  Time: 19-OCT-2018 13:07:15
  Tracing not turned on.
  Tns error struct:
    nr err code: 0
    ns main err code: 12560
    TNS-12560: TNS:protocol adapter error
    ns secondary err code: 0
    nt main err code: 538
    TNS-00538: Message 538 not found;  product=NETWORK; facility=TNS

    nt secondary err code: 65
    nt OS err code: 0


***********************************************************************
Fatal NI connect error 12560, connecting to:
 (DESCRIPTION=(ADDRESS=(PROTOCOL=TCP)(HOST=10.19.215.26)(PORT=1527))(CONNECT_DATA=(SERVICE_NAME=EGODB)(CID=(PROGRAM=C:\Users\jefferson.brandao\Documents\Visual Studio 2010\Projects\Foxconn_Traceability\Foxconn_Traceability\bin\Debug\Foxconn_Traceability.vshost.exe)(HOST=BR1CN00112)(USER=jefferson.brandao))))

  VERSION INFORMATION:
	TNS for 32-bit Windows: Version 9.2.0.1.0 - Production
	Windows NT TCP/IP NT Protocol Adapter for 32-bit Windows: Version 9.2.0.1.0 - Production
  Time: 19-OCT-2018 13:07:28
  Tracing not turned on.
  Tns error struct:
    nr err code: 0
    ns main err code: 12560
    TNS-12560: TNS:protocol adapter error
    ns secondary err code: 0
    nt main err code: 538
    TNS-00538: Message 538 not found;  product=NETWORK; facility=TNS

    nt secondary err code: 65
    nt OS err code: 0


***********************************************************************
Fatal NI connect error 12560, connecting to:
 (DESCRIPTION=(ADDRESS=(PROTOCOL=TCP)(HOST=10.19.215.26)(PORT=1527))(CONNECT_DATA=(SERVICE_NAME=EGODB)(CID=(PROGRAM=C:\Users\jefferson.brandao\Documents\Visual Studio 2010\Projects\Foxconn_Traceability\Foxconn_Traceability\bin\Debug\Foxconn_Traceability.vshost.exe)(HOST=BR1CN00112)(USER=jefferson.brandao))))

  VERSION INFORMATION:
	TNS for 32-bit Windows: Version 9.2.0.1.0 - Production
	Windows NT TCP/IP NT Protocol Adapter for 32-bit Windows: Version 9.2.0.1.0 - Production
  Time: 19-OCT-2018 13:13:14
  Tracing not turned on.
  Tns error struct:
    nr err code: 0
    ns main err code: 12560
    TNS-12560: TNS:protocol adapter error
    ns secondary err code: 0
    nt main err code: 538
    TNS-00538: Message 538 not found;  product=NETWORK; facility=TNS

    nt secondary err code: 65
    nt OS err code: 0


***********************************************************************
Fatal NI connect error 12560, connecting to:
 (DESCRIPTION=(ADDRESS=(PROTOCOL=TCP)(HOST=10.19.215.26)(PORT=1527))(CONNECT_DATA=(SERVICE_NAME=EGODB)(CID=(PROGRAM=C:\Users\jefferson.brandao\Documents\Visual Studio 2010\Projects\Foxconn_Traceability\Foxconn_Traceability\bin\Debug\Foxconn_Traceability.vshost.exe)(HOST=BR1CN00112)(USER=jefferson.brandao))))

  VERSION INFORMATION:
	TNS for 32-bit Windows: Version 9.2.0.1.0 - Production
	Windows NT TCP/IP NT Protocol Adapter for 32-bit Windows: Version 9.2.0.1.0 - Production
  Time: 19-OCT-2018 13:13:15
  Tracing not turned on.
  Tns error struct:
    nr err code: 0
    ns main err code: 12560
    TNS-12560: TNS:protocol adapter error
    ns secondary err code: 0
    nt main err code: 538
    TNS-00538: Message 538 not found;  product=NETWORK; facility=TNS

    nt secondary err code: 65
    nt OS err code: 0


***********************************************************************
Fatal NI connect error 12560, connecting to:
 (DESCRIPTION=(ADDRESS=(PROTOCOL=TCP)(HOST=10.19.215.26)(PORT=1527))(CONNECT_DATA=(SERVICE_NAME=EGODB)(CID=(PROGRAM=C:\Users\jefferson.brandao\Documents\Visual Studio 2010\Projects\Foxconn_Traceability\Foxconn_Traceability\bin\Debug\Foxconn_Traceability.vshost.exe)(HOST=BR1CN00112)(USER=jefferson.brandao))))

  VERSION INFORMATION:
	TNS for 32-bit Windows: Version 9.2.0.1.0 - Production
	Windows NT TCP/IP NT Protocol Adapter for 32-bit Windows: Version 9.2.0.1.0 - Production
  Time: 19-OCT-2018 13:18:00
  Tracing not turned on.
  Tns error struct:
    nr err code: 0
    ns main err code: 12560
    TNS-12560: TNS:protocol adapter error
    ns secondary err code: 0
    nt main err code: 538
    TNS-00538: Message 538 not found;  product=NETWORK; facility=TNS

    nt secondary err code: 65
    nt OS err code: 0


***********************************************************************
Fatal NI connect error 12560, connecting to:
 (DESCRIPTION=(ADDRESS=(PROTOCOL=TCP)(HOST=10.19.215.26)(PORT=1527))(CONNECT_DATA=(SERVICE_NAME=EGODB)(CID=(PROGRAM=C:\Users\jefferson.brandao\Documents\Visual Studio 2010\Projects\Foxconn_Traceability\Foxconn_Traceability\bin\Debug\Foxconn_Traceability.vshost.exe)(HOST=BR1CN00112)(USER=jefferson.brandao))))

  VERSION INFORMATION:
	TNS for 32-bit Windows: Version 9.2.0.1.0 - Production
	Windows NT TCP/IP NT Protocol Adapter for 32-bit Windows: Version 9.2.0.1.0 - Production
  Time: 19-OCT-2018 13:18:03
  Tracing not turned on.
  Tns error struct:
    nr err code: 0
    ns main err code: 12560
    TNS-12560: TNS:protocol adapter error
    ns secondary err code: 0
    nt main err code: 538
    TNS-00538: Message 538 not found;  product=NETWORK; facility=TNS

    nt secondary err code: 65
    nt OS err code: 0


***********************************************************************
Fatal NI connect error 12560, connecting to:
 (DESCRIPTION=(ADDRESS=(PROTOCOL=TCP)(HOST=10.19.215.26)(PORT=1527))(CONNECT_DATA=(SERVICE_NAME=EGODB)(CID=(PROGRAM=C:\Users\jefferson.brandao\Documents\Visual Studio 2010\Projects\Foxconn_Traceability\Foxconn_Traceability\bin\Debug\Foxconn_Traceability.vshost.exe)(HOST=BR1CN00112)(USER=jefferson.brandao))))

  VERSION INFORMATION:
	TNS for 32-bit Windows: Version 9.2.0.1.0 - Production
	Windows NT TCP/IP NT Protocol Adapter for 32-bit Windows: Version 9.2.0.1.0 - Production
  Time: 19-OCT-2018 13:20:28
  Tracing not turned on.
  Tns error struct:
    nr err code: 0
    ns main err code: 12560
    TNS-12560: TNS:protocol adapter error
    ns secondary err code: 0
    nt main err code: 538
    TNS-00538: Message 538 not found;  product=NETWORK; facility=TNS

    nt secondary err code: 65
    nt OS err code: 0


***********************************************************************
Fatal NI connect error 12560, connecting to:
 (DESCRIPTION=(ADDRESS=(PROTOCOL=TCP)(HOST=10.19.215.26)(PORT=1527))(CONNECT_DATA=(SERVICE_NAME=EGODB)(CID=(PROGRAM=C:\Users\jefferson.brandao\Documents\Visual Studio 2010\Projects\Foxconn_Traceability\Foxconn_Traceability\bin\Debug\Foxconn_Traceability.vshost.exe)(HOST=BR1CN00112)(USER=jefferson.brandao))))

  VERSION INFORMATION:
	TNS for 32-bit Windows: Version 9.2.0.1.0 - Production
	Windows NT TCP/IP NT Protocol Adapter for 32-bit Windows: Version 9.2.0.1.0 - Production
  Time: 19-OCT-2018 13:20:29
  Tracing not turned on.
  Tns error struct:
    nr err code: 0
    ns main err code: 12560
    TNS-12560: TNS:protocol adapter error
    ns secondary err code: 0
    nt main err code: 538
    TNS-00538: Message 538 not found;  product=NETWORK; facility=TNS

    nt secondary err code: 65
    nt OS err code: 0


***********************************************************************
Fatal NI connect error 12535, connecting to:
 (DESCRIPTION=(ADDRESS=(PROTOCOL=TCP)(HOST=10.19.215.26)(PORT=1527))(CONNECT_DATA=(SERVICE_NAME=EGODB)(CID=(PROGRAM=C:\Users\jefferson.brandao\Documents\Visual Studio 2010\Projects\Foxconn_Traceability\Foxconn_Traceability\bin\Debug\Foxconn_Traceability.vshost.exe)(HOST=BR1CN00112)(USER=jefferson.brandao))))

  VERSION INFORMATION:
	TNS for 32-bit Windows: Version 9.2.0.1.0 - Production
	Windows NT TCP/IP NT Protocol Adapter for 32-bit Windows: Version 9.2.0.1.0 - Production
  Time: 20-OCT-2018 07:10:50
  Tracing not turned on.
  Tns error struct:
    nr err code: 0
    ns main err code: 12535
    TNS-12535: TNS:operation timed out
    ns secondary err code: 12560
    nt main err code: 505
    TNS-00505: Operation timed out
    nt secondary err code: 60
    nt OS err code: 0


***********************************************************************
Fatal NI connect error 12560, connecting to:
 (DESCRIPTION=(ADDRESS=(PROTOCOL=TCP)(HOST=10.19.215.26)(PORT=1527))(CONNECT_DATA=(SERVICE_NAME=EGODB)(CID=(PROGRAM=C:\Users\jefferson.brandao\Documents\Visual Studio 2010\Projects\Foxconn_Traceability\Foxconn_Traceability\bin\Debug\Foxconn_Traceability.exe)(HOST=BR1CN00112)(USER=jefferson.brandao))))

  VERSION INFORMATION:
	TNS for 32-bit Windows: Version 9.2.0.1.0 - Production
	Windows NT TCP/IP NT Protocol Adapter for 32-bit Windows: Version 9.2.0.1.0 - Production
  Time: 26-OCT-2018 07:05:06
  Tracing not turned on.
  Tns error struct:
    nr err code: 0
    ns main err code: 12560
    TNS-12560: TNS:protocol adapter error
    ns secondary err code: 0
    nt main err code: 538
    TNS-00538: Message 538 not found;  product=NETWORK; facility=TNS

    nt secondary err code: 65
    nt OS err code: 0


***********************************************************************
Fatal NI connect error 12560, connecting to:
 (DESCRIPTION=(ADDRESS=(PROTOCOL=TCP)(HOST=10.19.215.26)(PORT=1527))(CONNECT_DATA=(SERVICE_NAME=EGODB)(CID=(PROGRAM=C:\Users\jefferson.brandao\Documents\Visual Studio 2010\Projects\Foxconn_Traceability\Foxconn_Traceability\bin\Debug\Foxconn_Traceability.vshost.exe)(HOST=BR1CN00112)(USER=jefferson.brandao))))

  VERSION INFORMATION:
	TNS for 32-bit Windows: Version 9.2.0.1.0 - Production
	Windows NT TCP/IP NT Protocol Adapter for 32-bit Windows: Version 9.2.0.1.0 - Production
  Time: 29-OCT-2018 11:01:15
  Tracing not turned on.
  Tns error struct:
    nr err code: 0
    ns main err code: 12560
    TNS-12560: TNS:protocol adapter error
    ns secondary err code: 0
    nt main err code: 538
    TNS-00538: Message 538 not found;  product=NETWORK; facility=TNS

    nt secondary err code: 65
    nt OS err code: 0


***********************************************************************
Fatal NI connect error 12560, connecting to:
 (DESCRIPTION=(ADDRESS=(PROTOCOL=TCP)(HOST=10.19.215.26)(PORT=1527))(CONNECT_DATA=(SERVICE_NAME=EGODB)(CID=(PROGRAM=C:\Users\jefferson.brandao\Documents\Visual Studio 2010\Projects\Foxconn_Traceability\Foxconn_Traceability\bin\Debug\Foxconn_Traceability.vshost.exe)(HOST=BR1CN00112)(USER=jefferson.brandao))))

  VERSION INFORMATION:
	TNS for 32-bit Windows: Version 9.2.0.1.0 - Production
	Windows NT TCP/IP NT Protocol Adapter for 32-bit Windows: Version 9.2.0.1.0 - Production
  Time: 29-OCT-2018 11:03:44
  Tracing not turned on.
  Tns error struct:
    nr err code: 0
    ns main err code: 12560
    TNS-12560: TNS:protocol adapter error
    ns secondary err code: 0
    nt main err code: 538
    TNS-00538: Message 538 not found;  product=NETWORK; facility=TNS

    nt secondary err code: 65
    nt OS err code: 0


***********************************************************************
Fatal NI connect error 12560, connecting to:
 (DESCRIPTION=(ADDRESS=(PROTOCOL=TCP)(HOST=10.19.215.26)(PORT=1527))(CONNECT_DATA=(SERVICE_NAME=EGODB)(CID=(PROGRAM=C:\Users\jefferson.brandao\Documents\Visual Studio 2010\Projects\Foxconn_Traceability\Foxconn_Traceability\bin\Debug\Foxconn_Traceability.vshost.exe)(HOST=BR1CN00112)(USER=jefferson.brandao))))

  VERSION INFORMATION:
	TNS for 32-bit Windows: Version 9.2.0.1.0 - Production
	Windows NT TCP/IP NT Protocol Adapter for 32-bit Windows: Version 9.2.0.1.0 - Production
  Time: 29-OCT-2018 11:07:55
  Tracing not turned on.
  Tns error struct:
    nr err code: 0
    ns main err code: 12560
    TNS-12560: TNS:protocol adapter error
    ns secondary err code: 0
    nt main err code: 538
    TNS-00538: Message 538 not found;  product=NETWORK; facility=TNS

    nt secondary err code: 65
    nt OS err code: 0


***********************************************************************
Fatal NI connect error 12560, connecting to:
 (DESCRIPTION=(ADDRESS=(PROTOCOL=TCP)(HOST=10.19.215.26)(PORT=1527))(CONNECT_DATA=(SERVICE_NAME=EGODB)(CID=(PROGRAM=C:\Users\jefferson.brandao\Documents\Visual Studio 2010\Projects\Foxconn_Traceability\Foxconn_Traceability\bin\Debug\Foxconn_Traceability.vshost.exe)(HOST=BR1CN00112)(USER=jefferson.brandao))))

  VERSION INFORMATION:
	TNS for 32-bit Windows: Version 9.2.0.1.0 - Production
	Windows NT TCP/IP NT Protocol Adapter for 32-bit Windows: Version 9.2.0.1.0 - Production
  Time: 29-OCT-2018 11:11:07
  Tracing not turned on.
  Tns error struct:
    nr err code: 0
    ns main err code: 12560
    TNS-12560: TNS:protocol adapter error
    ns secondary err code: 0
    nt main err code: 538
    TNS-00538: Message 538 not found;  product=NETWORK; facility=TNS

    nt secondary err code: 65
    nt OS err code: 0


***********************************************************************
Fatal NI connect error 12560, connecting to:
 (DESCRIPTION=(ADDRESS=(PROTOCOL=TCP)(HOST=10.19.215.26)(PORT=1527))(CONNECT_DATA=(SERVICE_NAME=EGODB)(CID=(PROGRAM=C:\Users\jefferson.brandao\Documents\Visual Studio 2010\Projects\Foxconn_Traceability\Foxconn_Traceability\bin\Debug\Foxconn_Traceability.vshost.exe)(HOST=BR1CN00112)(USER=jefferson.brandao))))

  VERSION INFORMATION:
	TNS for 32-bit Windows: Version 9.2.0.1.0 - Production
	Windows NT TCP/IP NT Protocol Adapter for 32-bit Windows: Version 9.2.0.1.0 - Production
  Time: 29-OCT-2018 11:12:33
  Tracing not turned on.
  Tns error struct:
    nr err code: 0
    ns main err code: 12560
    TNS-12560: TNS:protocol adapter error
    ns secondary err code: 0
    nt main err code: 538
    TNS-00538: Message 538 not found;  product=NETWORK; facility=TNS

    nt secondary err code: 65
    nt OS err code: 0


***********************************************************************
Fatal NI connect error 12560, connecting to:
 (DESCRIPTION=(ADDRESS=(PROTOCOL=TCP)(HOST=10.19.215.26)(PORT=1527))(CONNECT_DATA=(SERVICE_NAME=EGODB)(CID=(PROGRAM=C:\Users\jefferson.brandao\Documents\Visual Studio 2010\Projects\Foxconn_Traceability\Foxconn_Traceability\bin\Debug\Foxconn_Traceability.vshost.exe)(HOST=BR1CN00112)(USER=jefferson.brandao))))

  VERSION INFORMATION:
	TNS for 32-bit Windows: Version 9.2.0.1.0 - Production
	Windows NT TCP/IP NT Protocol Adapter for 32-bit Windows: Version 9.2.0.1.0 - Production
  Time: 29-OCT-2018 11:12:35
  Tracing not turned on.
  Tns error struct:
    nr err code: 0
    ns main err code: 12560
    TNS-12560: TNS:protocol adapter error
    ns secondary err code: 0
    nt main err code: 538
    TNS-00538: Message 538 not found;  product=NETWORK; facility=TNS

    nt secondary err code: 65
    nt OS err code: 0


***********************************************************************
Fatal NI connect error 12560, connecting to:
 (DESCRIPTION=(ADDRESS=(PROTOCOL=TCP)(HOST=10.19.215.26)(PORT=1527))(CONNECT_DATA=(SERVICE_NAME=EGODB)(CID=(PROGRAM=C:\Users\jefferson.brandao\Documents\Visual Studio 2010\Projects\Foxconn_Traceability\Foxconn_Traceability\bin\Debug\Foxconn_Traceability.vshost.exe)(HOST=BR1CN00112)(USER=jefferson.brandao))))

  VERSION INFORMATION:
	TNS for 32-bit Windows: Version 9.2.0.1.0 - Production
	Windows NT TCP/IP NT Protocol Adapter for 32-bit Windows: Version 9.2.0.1.0 - Production
  Time: 29-OCT-2018 11:12:53
  Tracing not turned on.
  Tns error struct:
    nr err code: 0
    ns main err code: 12560
    TNS-12560: TNS:protocol adapter error
    ns secondary err code: 0
    nt main err code: 538
    TNS-00538: Message 538 not found;  product=NETWORK; facility=TNS

    nt secondary err code: 65
    nt OS err code: 0


***********************************************************************
Fatal NI connect error 12560, connecting to:
 (DESCRIPTION=(ADDRESS=(PROTOCOL=TCP)(HOST=10.19.215.26)(PORT=1527))(CONNECT_DATA=(SERVICE_NAME=EGODB)(CID=(PROGRAM=C:\Users\jefferson.brandao\Documents\Visual Studio 2010\Projects\Foxconn_Traceability\Foxconn_Traceability\bin\Debug\Foxconn_Traceability.vshost.exe)(HOST=BR1CN00112)(USER=jefferson.brandao))))

  VERSION INFORMATION:
	TNS for 32-bit Windows: Version 9.2.0.1.0 - Production
	Windows NT TCP/IP NT Protocol Adapter for 32-bit Windows: Version 9.2.0.1.0 - Production
  Time: 29-OCT-2018 11:15:25
  Tracing not turned on.
  Tns error struct:
    nr err code: 0
    ns main err code: 12560
    TNS-12560: TNS:protocol adapter error
    ns secondary err code: 0
    nt main err code: 538
    TNS-00538: Message 538 not found;  product=NETWORK; facility=TNS

    nt secondary err code: 65
    nt OS err code: 0


***********************************************************************
Fatal NI connect error 12560, connecting to:
 (DESCRIPTION=(ADDRESS=(PROTOCOL=TCP)(HOST=10.19.215.26)(PORT=1527))(CONNECT_DATA=(SERVICE_NAME=EGODB)(CID=(PROGRAM=C:\Users\jefferson.brandao\Documents\Visual Studio 2010\Projects\Foxconn_Traceability\Foxconn_Traceability\bin\Debug\Foxconn_Traceability.vshost.exe)(HOST=BR1CN00112)(USER=jefferson.brandao))))

  VERSION INFORMATION:
	TNS for 32-bit Windows: Version 9.2.0.1.0 - Production
	Windows NT TCP/IP NT Protocol Adapter for 32-bit Windows: Version 9.2.0.1.0 - Production
  Time: 29-OCT-2018 11:15:27
  Tracing not turned on.
  Tns error struct:
    nr err code: 0
    ns main err code: 12560
    TNS-12560: TNS:protocol adapter error
    ns secondary err code: 0
    nt main err code: 538
    TNS-00538: Message 538 not found;  product=NETWORK; facility=TNS

    nt secondary err code: 65
    nt OS err code: 0


***********************************************************************
Fatal NI connect error 12560, connecting to:
 (DESCRIPTION=(ADDRESS=(PROTOCOL=TCP)(HOST=10.19.215.26)(PORT=1527))(CONNECT_DATA=(SERVICE_NAME=EGODB)(CID=(PROGRAM=C:\Users\jefferson.brandao\Documents\Visual Studio 2010\Projects\Foxconn_Traceability\Foxconn_Traceability\bin\Debug\Foxconn_Traceability.vshost.exe)(HOST=BR1CN00112)(USER=jefferson.brandao))))

  VERSION INFORMATION:
	TNS for 32-bit Windows: Version 9.2.0.1.0 - Production
	Windows NT TCP/IP NT Protocol Adapter for 32-bit Windows: Version 9.2.0.1.0 - Production
  Time: 29-OCT-2018 11:17:58
  Tracing not turned on.
  Tns error struct:
    nr err code: 0
    ns main err code: 12560
    TNS-12560: TNS:protocol adapter error
    ns secondary err code: 0
    nt main err code: 538
    TNS-00538: Message 538 not found;  product=NETWORK; facility=TNS

    nt secondary err code: 65
    nt OS err code: 0


***********************************************************************
Fatal NI connect error 12560, connecting to:
 (DESCRIPTION=(ADDRESS=(PROTOCOL=TCP)(HOST=10.19.215.26)(PORT=1527))(CONNECT_DATA=(SERVICE_NAME=EGODB)(CID=(PROGRAM=C:\Users\jefferson.brandao\Documents\Visual Studio 2010\Projects\Foxconn_Traceability\Foxconn_Traceability\bin\Debug\Foxconn_Traceability.vshost.exe)(HOST=BR1CN00112)(USER=jefferson.brandao))))

  VERSION INFORMATION:
	TNS for 32-bit Windows: Version 9.2.0.1.0 - Production
	Windows NT TCP/IP NT Protocol Adapter for 32-bit Windows: Version 9.2.0.1.0 - Production
  Time: 29-OCT-2018 11:17:59
  Tracing not turned on.
  Tns error struct:
    nr err code: 0
    ns main err code: 12560
    TNS-12560: TNS:protocol adapter error
    ns secondary err code: 0
    nt main err code: 538
    TNS-00538: Message 538 not found;  product=NETWORK; facility=TNS

    nt secondary err code: 65
    nt OS err code: 0


***********************************************************************
Fatal NI connect error 12560, connecting to:
 (DESCRIPTION=(ADDRESS=(PROTOCOL=TCP)(HOST=10.19.215.26)(PORT=1527))(CONNECT_DATA=(SERVICE_NAME=EGODB)(CID=(PROGRAM=C:\Users\jefferson.brandao\Documents\Visual Studio 2010\Projects\Foxconn_Traceability\Foxconn_Traceability\bin\Debug\Foxconn_Traceability.vshost.exe)(HOST=BR1CN00112)(USER=jefferson.brandao))))

  VERSION INFORMATION:
	TNS for 32-bit Windows: Version 9.2.0.1.0 - Production
	Windows NT TCP/IP NT Protocol Adapter for 32-bit Windows: Version 9.2.0.1.0 - Production
  Time: 29-OCT-2018 11:18:06
  Tracing not turned on.
  Tns error struct:
    nr err code: 0
    ns main err code: 12560
    TNS-12560: TNS:protocol adapter error
    ns secondary err code: 0
    nt main err code: 538
    TNS-00538: Message 538 not found;  product=NETWORK; facility=TNS

    nt secondary err code: 65
    nt OS err code: 0


***********************************************************************
Fatal NI connect error 12535, connecting to:
 (DESCRIPTION=(ADDRESS=(PROTOCOL=TCP)(HOST=10.19.215.26)(PORT=1527))(CONNECT_DATA=(SERVICE_NAME=EGODB)(CID=(PROGRAM=C:\Users\jefferson.brandao\Documents\Visual Studio 2010\Projects\Foxconn_Traceability\Foxconn_Traceability\bin\Debug\Foxconn_Traceability.vshost.exe)(HOST=BR1CN00112)(USER=jefferson.brandao))))

  VERSION INFORMATION:
	TNS for 32-bit Windows: Version 9.2.0.1.0 - Production
	Windows NT TCP/IP NT Protocol Adapter for 32-bit Windows: Version 9.2.0.1.0 - Production
  Time: 14-DEC-2018 15:57:01
  Tracing not turned on.
  Tns error struct:
    nr err code: 0
    ns main err code: 12535
    TNS-12535: TNS:operation timed out
    ns secondary err code: 12560
    nt main err code: 505
    TNS-00505: Operation timed out
    nt secondary err code: 60
    nt OS err code: 0


***********************************************************************
Fatal NI connect error 12535, connecting to:
 (DESCRIPTION=(ADDRESS=(PROTOCOL=TCP)(HOST=10.19.215.26)(PORT=1527))(CONNECT_DATA=(SERVICE_NAME=EGODB)(CID=(PROGRAM=C:\Users\jefferson.brandao\Documents\Visual Studio 2010\Projects\Foxconn_Traceability\Foxconn_Traceability\bin\Debug\Foxconn_Traceability.vshost.exe)(HOST=BR1CN00112)(USER=jefferson.brandao))))

  VERSION INFORMATION:
	TNS for 32-bit Windows: Version 9.2.0.1.0 - Production
	Windows NT TCP/IP NT Protocol Adapter for 32-bit Windows: Version 9.2.0.1.0 - Production
  Time: 14-DEC-2018 15:57:23
  Tracing not turned on.
  Tns error struct:
    nr err code: 0
    ns main err code: 12535
    TNS-12535: TNS:operation timed out
    ns secondary err code: 12560
    nt main err code: 505
    TNS-00505: Operation timed out
    nt secondary err code: 60
    nt OS err code: 0


***********************************************************************
Fatal NI connect error 12535, connecting to:
 (DESCRIPTION=(ADDRESS=(PROTOCOL=TCP)(HOST=10.19.215.26)(PORT=1527))(CONNECT_DATA=(SERVICE_NAME=EGODB)(CID=(PROGRAM=C:\Users\jefferson.brandao\Documents\Visual Studio 2010\Projects\Foxconn_Traceability\Foxconn_Traceability\bin\Debug\Foxconn_Traceability.vshost.exe)(HOST=BR1CN00112)(USER=jefferson.brandao))))

  VERSION INFORMATION:
	TNS for 32-bit Windows: Version 9.2.0.1.0 - Production
	Windows NT TCP/IP NT Protocol Adapter for 32-bit Windows: Version 9.2.0.1.0 - Production
  Time: 14-DEC-2018 15:57:51
  Tracing not turned on.
  Tns error struct:
    nr err code: 0
    ns main err code: 12535
    TNS-12535: TNS:operation timed out
    ns secondary err code: 12560
    nt main err code: 505
    TNS-00505: Operation timed out
    nt secondary err code: 60
    nt OS err code: 0


***********************************************************************
Fatal NI connect error 12535, connecting to:
 (DESCRIPTION=(ADDRESS=(PROTOCOL=TCP)(HOST=10.19.215.26)(PORT=1527))(CONNECT_DATA=(SERVICE_NAME=EGODB)(CID=(PROGRAM=C:\Users\jefferson.brandao\Documents\Visual Studio 2010\Projects\Foxconn_Traceability\Foxconn_Traceability\bin\Debug\Foxconn_Traceability.vshost.exe)(HOST=BR1CN00112)(USER=jefferson.brandao))))

  VERSION INFORMATION:
	TNS for 32-bit Windows: Version 9.2.0.1.0 - Production
	Windows NT TCP/IP NT Protocol Adapter for 32-bit Windows: Version 9.2.0.1.0 - Production
  Time: 14-DEC-2018 15:58:12
  Tracing not turned on.
  Tns error struct:
    nr err code: 0
    ns main err code: 12535
    TNS-12535: TNS:operation timed out
    ns secondary err code: 12560
    nt main err code: 505
    TNS-00505: Operation timed out
    nt secondary err code: 60
    nt OS err code: 0
